09-20 09:08:45 com_github_MitjaNemec_Archive3DModels.action_archive_3d_models 220:Plugin executed on: 'win32'
09-20 09:08:45 com_github_MitjaNemec_Archive3DModels.action_archive_3d_models 221:Plugin executed with python version: '3.11.5 (main, May 10 2024, 05:24:12) [MSC v.1939 64 bit (AMD64)]'
09-20 09:08:45 com_github_MitjaNemec_Archive3DModels.action_archive_3d_models 222:KiCad build version: 8.0.3
09-20 09:08:45 com_github_MitjaNemec_Archive3DModels.action_archive_3d_models 223:Plugin version: 1.0.12

09-20 09:08:45 com_github_MitjaNemec_Archive3DModels.action_archive_3d_models 228:Screen sizes: [wx.Size(1920, 1080)]
09-20 09:08:45 com_github_MitjaNemec_Archive3DModels.action_archive_3d_models 235:Dialog size: wx.Size(213, 81)
09-20 09:08:45 com_github_MitjaNemec_Archive3DModels.action_archive_3d_models 237:Char size: 17
09-20 09:08:47 com_github_MitjaNemec_Archive3DModels.archive_3d_models 26:Starting to archive 3D models
09-20 09:08:47 com_github_MitjaNemec_Archive3DModels.archive_3d_models 47:Getting 3D models for footprint of: REF**
09-20 09:08:47 com_github_MitjaNemec_Archive3DModels.archive_3d_models 47:Getting 3D models for footprint of: R1
09-20 09:08:47 com_github_MitjaNemec_Archive3DModels.archive_3d_models 59:Trying to copy: ${KICAD8_3DMODEL_DIR}/Resistor_SMD.3dshapes/R_0603_1608Metric.wrl
09-20 09:08:47 com_github_MitjaNemec_Archive3DModels.archive_3d_models 139:Remapping: ${KICAD8_3DMODEL_DIR}/Resistor_SMD.3dshapes/R_0603_1608Metric.wrl
09-20 09:08:47 com_github_MitjaNemec_Archive3DModels.archive_3d_models 47:Getting 3D models for footprint of: U3
09-20 09:08:47 com_github_MitjaNemec_Archive3DModels.archive_3d_models 59:Trying to copy: ${KICAD8_3DMODEL_DIR}/Package_QFP.3dshapes/LQFP-48_7x7mm_P0.5mm.wrl
09-20 09:08:47 com_github_MitjaNemec_Archive3DModels.archive_3d_models 139:Remapping: ${KICAD8_3DMODEL_DIR}/Package_QFP.3dshapes/LQFP-48_7x7mm_P0.5mm.wrl
09-20 09:08:47 com_github_MitjaNemec_Archive3DModels.archive_3d_models 47:Getting 3D models for footprint of: C5
09-20 09:08:47 com_github_MitjaNemec_Archive3DModels.archive_3d_models 59:Trying to copy: ${KICAD8_3DMODEL_DIR}/Capacitor_SMD.3dshapes/C_0603_1608Metric.wrl
09-20 09:08:47 com_github_MitjaNemec_Archive3DModels.archive_3d_models 139:Remapping: ${KICAD8_3DMODEL_DIR}/Capacitor_SMD.3dshapes/C_0603_1608Metric.wrl
09-20 09:08:47 com_github_MitjaNemec_Archive3DModels.archive_3d_models 47:Getting 3D models for footprint of: SW1
09-20 09:08:47 com_github_MitjaNemec_Archive3DModels.archive_3d_models 59:Trying to copy: ${KICAD6_3DMODEL_DIR}/Button_Switch_SMD.3dshapes/SW_SPST_Omron_B3FS-105xP.wrl
09-20 09:08:47 com_github_MitjaNemec_Archive3DModels.archive_3d_models 74:Can not find model defined with enviroment variable:
${KICAD6_3DMODEL_DIR}/Button_Switch_SMD.3dshapes/SW_SPST_Omron_B3FS-105xP.wrl
09-20 09:08:47 com_github_MitjaNemec_Archive3DModels.archive_3d_models 135:Did not copy: ${KICAD6_3DMODEL_DIR}/Button_Switch_SMD.3dshapes/SW_SPST_Omron_B3FS-105xP.wrl
09-20 09:08:47 com_github_MitjaNemec_Archive3DModels.archive_3d_models 139:Remapping: ${KICAD6_3DMODEL_DIR}/Button_Switch_SMD.3dshapes/SW_SPST_Omron_B3FS-105xP.wrl
09-20 09:08:47 com_github_MitjaNemec_Archive3DModels.archive_3d_models 47:Getting 3D models for footprint of: GND1
09-20 09:08:47 com_github_MitjaNemec_Archive3DModels.archive_3d_models 47:Getting 3D models for footprint of: R11
09-20 09:08:47 com_github_MitjaNemec_Archive3DModels.archive_3d_models 59:Trying to copy: ${KICAD8_3DMODEL_DIR}/Resistor_SMD.3dshapes/R_0603_1608Metric.wrl
09-20 09:08:47 com_github_MitjaNemec_Archive3DModels.archive_3d_models 139:Remapping: ${KICAD8_3DMODEL_DIR}/Resistor_SMD.3dshapes/R_0603_1608Metric.wrl
09-20 09:08:47 com_github_MitjaNemec_Archive3DModels.archive_3d_models 47:Getting 3D models for footprint of: C21
09-20 09:08:47 com_github_MitjaNemec_Archive3DModels.archive_3d_models 59:Trying to copy: ${KICAD8_3DMODEL_DIR}/Capacitor_SMD.3dshapes/C_0603_1608Metric.wrl
09-20 09:08:47 com_github_MitjaNemec_Archive3DModels.archive_3d_models 139:Remapping: ${KICAD8_3DMODEL_DIR}/Capacitor_SMD.3dshapes/C_0603_1608Metric.wrl
09-20 09:08:47 com_github_MitjaNemec_Archive3DModels.archive_3d_models 47:Getting 3D models for footprint of: C1
09-20 09:08:47 com_github_MitjaNemec_Archive3DModels.archive_3d_models 59:Trying to copy: ${KICAD8_3DMODEL_DIR}/Capacitor_SMD.3dshapes/C_0603_1608Metric.wrl
09-20 09:08:47 com_github_MitjaNemec_Archive3DModels.archive_3d_models 139:Remapping: ${KICAD8_3DMODEL_DIR}/Capacitor_SMD.3dshapes/C_0603_1608Metric.wrl
09-20 09:08:47 com_github_MitjaNemec_Archive3DModels.archive_3d_models 47:Getting 3D models for footprint of: U7
09-20 09:08:47 com_github_MitjaNemec_Archive3DModels.archive_3d_models 59:Trying to copy: ${KICAD8_3DMODEL_DIR}/Package_SO.3dshapes/TSSOP-8_4.4x3mm_P0.65mm.wrl
09-20 09:08:47 com_github_MitjaNemec_Archive3DModels.archive_3d_models 139:Remapping: ${KICAD8_3DMODEL_DIR}/Package_SO.3dshapes/TSSOP-8_4.4x3mm_P0.65mm.wrl
09-20 09:08:47 com_github_MitjaNemec_Archive3DModels.archive_3d_models 47:Getting 3D models for footprint of: U4
09-20 09:08:47 com_github_MitjaNemec_Archive3DModels.archive_3d_models 59:Trying to copy: ${KICAD8_3DMODEL_DIR}/Package_TO_SOT_SMD.3dshapes/SOT-23-6.wrl
09-20 09:08:47 com_github_MitjaNemec_Archive3DModels.archive_3d_models 139:Remapping: ${KICAD8_3DMODEL_DIR}/Package_TO_SOT_SMD.3dshapes/SOT-23-6.wrl
09-20 09:08:47 com_github_MitjaNemec_Archive3DModels.archive_3d_models 47:Getting 3D models for footprint of: R8
09-20 09:08:47 com_github_MitjaNemec_Archive3DModels.archive_3d_models 59:Trying to copy: ${KICAD8_3DMODEL_DIR}/Resistor_SMD.3dshapes/R_0603_1608Metric.wrl
09-20 09:08:47 com_github_MitjaNemec_Archive3DModels.archive_3d_models 139:Remapping: ${KICAD8_3DMODEL_DIR}/Resistor_SMD.3dshapes/R_0603_1608Metric.wrl
09-20 09:08:47 com_github_MitjaNemec_Archive3DModels.archive_3d_models 47:Getting 3D models for footprint of: U9
09-20 09:08:47 com_github_MitjaNemec_Archive3DModels.archive_3d_models 59:Trying to copy: ${KICAD8_3DMODEL_DIR}/Package_SO.3dshapes/TSOP-II-54_22.2x10.16mm_P0.8mm.wrl
09-20 09:08:47 com_github_MitjaNemec_Archive3DModels.archive_3d_models 139:Remapping: ${KICAD8_3DMODEL_DIR}/Package_SO.3dshapes/TSOP-II-54_22.2x10.16mm_P0.8mm.wrl
09-20 09:08:47 com_github_MitjaNemec_Archive3DModels.archive_3d_models 47:Getting 3D models for footprint of: U5
09-20 09:08:47 com_github_MitjaNemec_Archive3DModels.archive_3d_models 59:Trying to copy: ${KICAD8_3DMODEL_DIR}/Package_SO.3dshapes/SOIC-8_5.275x5.275mm_P1.27mm.wrl
09-20 09:08:47 com_github_MitjaNemec_Archive3DModels.archive_3d_models 139:Remapping: ${KICAD8_3DMODEL_DIR}/Package_SO.3dshapes/SOIC-8_5.275x5.275mm_P1.27mm.wrl
09-20 09:08:47 com_github_MitjaNemec_Archive3DModels.archive_3d_models 59:Trying to copy: ${KICAD8_3DMODEL_DIR}/Package_SO.3dshapes/SOIC-8_5.23x5.23mm_P1.27mm.wrl
09-20 09:08:47 com_github_MitjaNemec_Archive3DModels.archive_3d_models 135:Did not copy: ${KICAD8_3DMODEL_DIR}/Package_SO.3dshapes/SOIC-8_5.23x5.23mm_P1.27mm.wrl
09-20 09:08:47 com_github_MitjaNemec_Archive3DModels.archive_3d_models 139:Remapping: ${KICAD8_3DMODEL_DIR}/Package_SO.3dshapes/SOIC-8_5.23x5.23mm_P1.27mm.wrl
09-20 09:08:47 com_github_MitjaNemec_Archive3DModels.archive_3d_models 47:Getting 3D models for footprint of: C3
09-20 09:08:47 com_github_MitjaNemec_Archive3DModels.archive_3d_models 59:Trying to copy: ${KICAD8_3DMODEL_DIR}/Capacitor_SMD.3dshapes/C_0603_1608Metric.wrl
09-20 09:08:47 com_github_MitjaNemec_Archive3DModels.archive_3d_models 139:Remapping: ${KICAD8_3DMODEL_DIR}/Capacitor_SMD.3dshapes/C_0603_1608Metric.wrl
09-20 09:08:47 com_github_MitjaNemec_Archive3DModels.archive_3d_models 47:Getting 3D models for footprint of: 3V1
09-20 09:08:47 com_github_MitjaNemec_Archive3DModels.archive_3d_models 47:Getting 3D models for footprint of: R2
09-20 09:08:47 com_github_MitjaNemec_Archive3DModels.archive_3d_models 59:Trying to copy: ${KICAD8_3DMODEL_DIR}/Resistor_SMD.3dshapes/R_0603_1608Metric.wrl
09-20 09:08:47 com_github_MitjaNemec_Archive3DModels.archive_3d_models 139:Remapping: ${KICAD8_3DMODEL_DIR}/Resistor_SMD.3dshapes/R_0603_1608Metric.wrl
09-20 09:08:47 com_github_MitjaNemec_Archive3DModels.archive_3d_models 47:Getting 3D models for footprint of: J4
09-20 09:08:47 com_github_MitjaNemec_Archive3DModels.archive_3d_models 59:Trying to copy: ${KIPRJMOD}/packages3D/TF-01A.step
09-20 09:08:47 com_github_MitjaNemec_Archive3DModels.archive_3d_models 135:Did not copy: ${KIPRJMOD}/packages3D/TF-01A.step
09-20 09:08:47 com_github_MitjaNemec_Archive3DModels.archive_3d_models 139:Remapping: ${KIPRJMOD}/packages3D/TF-01A.step
09-20 09:08:47 com_github_MitjaNemec_Archive3DModels.archive_3d_models 47:Getting 3D models for footprint of: U8
09-20 09:08:47 com_github_MitjaNemec_Archive3DModels.archive_3d_models 59:Trying to copy: ${KICAD8_3DMODEL_DIR}/Package_QFP.3dshapes/TQFP-144_20x20mm_P0.5mm.wrl
09-20 09:08:47 com_github_MitjaNemec_Archive3DModels.archive_3d_models 139:Remapping: ${KICAD8_3DMODEL_DIR}/Package_QFP.3dshapes/TQFP-144_20x20mm_P0.5mm.wrl
09-20 09:08:47 com_github_MitjaNemec_Archive3DModels.archive_3d_models 47:Getting 3D models for footprint of: R6
09-20 09:08:47 com_github_MitjaNemec_Archive3DModels.archive_3d_models 59:Trying to copy: ${KICAD8_3DMODEL_DIR}/Resistor_SMD.3dshapes/R_0603_1608Metric.wrl
09-20 09:08:47 com_github_MitjaNemec_Archive3DModels.archive_3d_models 139:Remapping: ${KICAD8_3DMODEL_DIR}/Resistor_SMD.3dshapes/R_0603_1608Metric.wrl
09-20 09:08:47 com_github_MitjaNemec_Archive3DModels.archive_3d_models 47:Getting 3D models for footprint of: C16
09-20 09:08:47 com_github_MitjaNemec_Archive3DModels.archive_3d_models 59:Trying to copy: ${KICAD8_3DMODEL_DIR}/Capacitor_SMD.3dshapes/C_0603_1608Metric.wrl
09-20 09:08:47 com_github_MitjaNemec_Archive3DModels.archive_3d_models 139:Remapping: ${KICAD8_3DMODEL_DIR}/Capacitor_SMD.3dshapes/C_0603_1608Metric.wrl
09-20 09:08:47 com_github_MitjaNemec_Archive3DModels.archive_3d_models 47:Getting 3D models for footprint of: U2
09-20 09:08:47 com_github_MitjaNemec_Archive3DModels.archive_3d_models 59:Trying to copy: ${KICAD8_3DMODEL_DIR}/Package_SO.3dshapes/TSSOP-8_4.4x3mm_P0.65mm.wrl
09-20 09:08:47 com_github_MitjaNemec_Archive3DModels.archive_3d_models 139:Remapping: ${KICAD8_3DMODEL_DIR}/Package_SO.3dshapes/TSSOP-8_4.4x3mm_P0.65mm.wrl
09-20 09:08:47 com_github_MitjaNemec_Archive3DModels.archive_3d_models 47:Getting 3D models for footprint of: TP1
09-20 09:08:47 com_github_MitjaNemec_Archive3DModels.archive_3d_models 47:Getting 3D models for footprint of: R7
09-20 09:08:47 com_github_MitjaNemec_Archive3DModels.archive_3d_models 59:Trying to copy: ${KICAD8_3DMODEL_DIR}/Resistor_SMD.3dshapes/R_0603_1608Metric.wrl
09-20 09:08:47 com_github_MitjaNemec_Archive3DModels.archive_3d_models 139:Remapping: ${KICAD8_3DMODEL_DIR}/Resistor_SMD.3dshapes/R_0603_1608Metric.wrl
09-20 09:08:47 com_github_MitjaNemec_Archive3DModels.archive_3d_models 47:Getting 3D models for footprint of: J2
09-20 09:08:47 com_github_MitjaNemec_Archive3DModels.archive_3d_models 59:Trying to copy: ${KICAD6_3DMODEL_DIR}/Connector_PinHeader_2.54mm.3dshapes/PinHeader_1x03_P2.54mm_Vertical.wrl
09-20 09:08:47 com_github_MitjaNemec_Archive3DModels.archive_3d_models 74:Can not find model defined with enviroment variable:
${KICAD6_3DMODEL_DIR}/Connector_PinHeader_2.54mm.3dshapes/PinHeader_1x03_P2.54mm_Vertical.wrl
09-20 09:08:47 com_github_MitjaNemec_Archive3DModels.archive_3d_models 135:Did not copy: ${KICAD6_3DMODEL_DIR}/Connector_PinHeader_2.54mm.3dshapes/PinHeader_1x03_P2.54mm_Vertical.wrl
09-20 09:08:47 com_github_MitjaNemec_Archive3DModels.archive_3d_models 139:Remapping: ${KICAD6_3DMODEL_DIR}/Connector_PinHeader_2.54mm.3dshapes/PinHeader_1x03_P2.54mm_Vertical.wrl
09-20 09:08:47 com_github_MitjaNemec_Archive3DModels.archive_3d_models 47:Getting 3D models for footprint of: Y1
09-20 09:08:47 com_github_MitjaNemec_Archive3DModels.archive_3d_models 59:Trying to copy: ${KICAD6_3DMODEL_DIR}/Crystal.3dshapes/Crystal_SMD_MicroCrystal_CC7V-T1A-2Pin_3.2x1.5mm.wrl
09-20 09:08:47 com_github_MitjaNemec_Archive3DModels.archive_3d_models 74:Can not find model defined with enviroment variable:
${KICAD6_3DMODEL_DIR}/Crystal.3dshapes/Crystal_SMD_MicroCrystal_CC7V-T1A-2Pin_3.2x1.5mm.wrl
09-20 09:08:47 com_github_MitjaNemec_Archive3DModels.archive_3d_models 135:Did not copy: ${KICAD6_3DMODEL_DIR}/Crystal.3dshapes/Crystal_SMD_MicroCrystal_CC7V-T1A-2Pin_3.2x1.5mm.wrl
09-20 09:08:47 com_github_MitjaNemec_Archive3DModels.archive_3d_models 139:Remapping: ${KICAD6_3DMODEL_DIR}/Crystal.3dshapes/Crystal_SMD_MicroCrystal_CC7V-T1A-2Pin_3.2x1.5mm.wrl
09-20 09:08:47 com_github_MitjaNemec_Archive3DModels.archive_3d_models 59:Trying to copy: ${KICAD6_3DMODEL_DIR}/Crystal.3dshapes/Crystal_SMD_3215-2Pin_3.2x1.5mm.wrl
09-20 09:08:47 com_github_MitjaNemec_Archive3DModels.archive_3d_models 74:Can not find model defined with enviroment variable:
${KICAD6_3DMODEL_DIR}/Crystal.3dshapes/Crystal_SMD_3215-2Pin_3.2x1.5mm.wrl
09-20 09:08:47 com_github_MitjaNemec_Archive3DModels.archive_3d_models 135:Did not copy: ${KICAD6_3DMODEL_DIR}/Crystal.3dshapes/Crystal_SMD_3215-2Pin_3.2x1.5mm.wrl
09-20 09:08:47 com_github_MitjaNemec_Archive3DModels.archive_3d_models 139:Remapping: ${KICAD6_3DMODEL_DIR}/Crystal.3dshapes/Crystal_SMD_3215-2Pin_3.2x1.5mm.wrl
09-20 09:08:47 com_github_MitjaNemec_Archive3DModels.archive_3d_models 47:Getting 3D models for footprint of: TP2
09-20 09:08:47 com_github_MitjaNemec_Archive3DModels.archive_3d_models 47:Getting 3D models for footprint of: J_N1
09-20 09:08:47 com_github_MitjaNemec_Archive3DModels.archive_3d_models 47:Getting 3D models for footprint of: J3
09-20 09:08:47 com_github_MitjaNemec_Archive3DModels.archive_3d_models 47:Getting 3D models for footprint of: R9
09-20 09:08:47 com_github_MitjaNemec_Archive3DModels.archive_3d_models 59:Trying to copy: ${KICAD8_3DMODEL_DIR}/Resistor_SMD.3dshapes/R_0603_1608Metric.wrl
09-20 09:08:47 com_github_MitjaNemec_Archive3DModels.archive_3d_models 139:Remapping: ${KICAD8_3DMODEL_DIR}/Resistor_SMD.3dshapes/R_0603_1608Metric.wrl
09-20 09:08:47 com_github_MitjaNemec_Archive3DModels.archive_3d_models 47:Getting 3D models for footprint of: C4
09-20 09:08:47 com_github_MitjaNemec_Archive3DModels.archive_3d_models 59:Trying to copy: ${KICAD8_3DMODEL_DIR}/Capacitor_SMD.3dshapes/C_0805_2012Metric.wrl
09-20 09:08:47 com_github_MitjaNemec_Archive3DModels.archive_3d_models 139:Remapping: ${KICAD8_3DMODEL_DIR}/Capacitor_SMD.3dshapes/C_0805_2012Metric.wrl
09-20 09:08:47 com_github_MitjaNemec_Archive3DModels.archive_3d_models 47:Getting 3D models for footprint of: R5
09-20 09:08:47 com_github_MitjaNemec_Archive3DModels.archive_3d_models 59:Trying to copy: ${KICAD8_3DMODEL_DIR}/Resistor_SMD.3dshapes/R_0603_1608Metric.wrl
09-20 09:08:47 com_github_MitjaNemec_Archive3DModels.archive_3d_models 139:Remapping: ${KICAD8_3DMODEL_DIR}/Resistor_SMD.3dshapes/R_0603_1608Metric.wrl
09-20 09:08:47 com_github_MitjaNemec_Archive3DModels.archive_3d_models 47:Getting 3D models for footprint of: USB1
09-20 09:08:47 com_github_MitjaNemec_Archive3DModels.archive_3d_models 47:Getting 3D models for footprint of: REF**
09-20 09:08:47 com_github_MitjaNemec_Archive3DModels.archive_3d_models 47:Getting 3D models for footprint of: C6
09-20 09:08:47 com_github_MitjaNemec_Archive3DModels.archive_3d_models 59:Trying to copy: ${KICAD8_3DMODEL_DIR}/Capacitor_SMD.3dshapes/C_0603_1608Metric.wrl
09-20 09:08:47 com_github_MitjaNemec_Archive3DModels.archive_3d_models 139:Remapping: ${KICAD8_3DMODEL_DIR}/Capacitor_SMD.3dshapes/C_0603_1608Metric.wrl
09-20 09:08:47 com_github_MitjaNemec_Archive3DModels.archive_3d_models 47:Getting 3D models for footprint of: R10
09-20 09:08:47 com_github_MitjaNemec_Archive3DModels.archive_3d_models 59:Trying to copy: ${KICAD8_3DMODEL_DIR}/Resistor_SMD.3dshapes/R_0603_1608Metric.wrl
09-20 09:08:47 com_github_MitjaNemec_Archive3DModels.archive_3d_models 139:Remapping: ${KICAD8_3DMODEL_DIR}/Resistor_SMD.3dshapes/R_0603_1608Metric.wrl
09-20 09:08:47 com_github_MitjaNemec_Archive3DModels.archive_3d_models 47:Getting 3D models for footprint of: U1
09-20 09:08:47 com_github_MitjaNemec_Archive3DModels.archive_3d_models 59:Trying to copy: ${KICAD8_3DMODEL_DIR}/Package_TO_SOT_SMD.3dshapes/SOT-223.wrl
09-20 09:08:47 com_github_MitjaNemec_Archive3DModels.archive_3d_models 139:Remapping: ${KICAD8_3DMODEL_DIR}/Package_TO_SOT_SMD.3dshapes/SOT-223.wrl
09-20 09:08:47 com_github_MitjaNemec_Archive3DModels.archive_3d_models 47:Getting 3D models for footprint of: X2
09-20 09:08:47 com_github_MitjaNemec_Archive3DModels.archive_3d_models 59:Trying to copy: ${KICAD6_3DMODEL_DIR}/Crystal.3dshapes/Crystal_SMD_SeikoEpson_TSX3225-4Pin_3.2x2.5mm.wrl
09-20 09:08:47 com_github_MitjaNemec_Archive3DModels.archive_3d_models 74:Can not find model defined with enviroment variable:
${KICAD6_3DMODEL_DIR}/Crystal.3dshapes/Crystal_SMD_SeikoEpson_TSX3225-4Pin_3.2x2.5mm.wrl
09-20 09:08:47 com_github_MitjaNemec_Archive3DModels.archive_3d_models 135:Did not copy: ${KICAD6_3DMODEL_DIR}/Crystal.3dshapes/Crystal_SMD_SeikoEpson_TSX3225-4Pin_3.2x2.5mm.wrl
09-20 09:08:47 com_github_MitjaNemec_Archive3DModels.archive_3d_models 139:Remapping: ${KICAD6_3DMODEL_DIR}/Crystal.3dshapes/Crystal_SMD_SeikoEpson_TSX3225-4Pin_3.2x2.5mm.wrl
09-20 09:08:47 com_github_MitjaNemec_Archive3DModels.archive_3d_models 59:Trying to copy: ${KICAD6_3DMODEL_DIR}/Oscillator.3dshapes/Oscillator_SMD_SeikoEpson_SG8002CE-4Pin_3.2x2.5mm.wrl
09-20 09:08:47 com_github_MitjaNemec_Archive3DModels.archive_3d_models 74:Can not find model defined with enviroment variable:
${KICAD6_3DMODEL_DIR}/Oscillator.3dshapes/Oscillator_SMD_SeikoEpson_SG8002CE-4Pin_3.2x2.5mm.wrl
09-20 09:08:47 com_github_MitjaNemec_Archive3DModels.archive_3d_models 135:Did not copy: ${KICAD6_3DMODEL_DIR}/Oscillator.3dshapes/Oscillator_SMD_SeikoEpson_SG8002CE-4Pin_3.2x2.5mm.wrl
09-20 09:08:47 com_github_MitjaNemec_Archive3DModels.archive_3d_models 139:Remapping: ${KICAD6_3DMODEL_DIR}/Oscillator.3dshapes/Oscillator_SMD_SeikoEpson_SG8002CE-4Pin_3.2x2.5mm.wrl
09-20 09:08:47 com_github_MitjaNemec_Archive3DModels.archive_3d_models 47:Getting 3D models for footprint of: C2
09-20 09:08:47 com_github_MitjaNemec_Archive3DModels.archive_3d_models 59:Trying to copy: ${KICAD8_3DMODEL_DIR}/Capacitor_SMD.3dshapes/C_0603_1608Metric.wrl
09-20 09:08:47 com_github_MitjaNemec_Archive3DModels.archive_3d_models 139:Remapping: ${KICAD8_3DMODEL_DIR}/Capacitor_SMD.3dshapes/C_0603_1608Metric.wrl
09-20 09:08:47 com_github_MitjaNemec_Archive3DModels.archive_3d_models 47:Getting 3D models for footprint of: R4
09-20 09:08:47 com_github_MitjaNemec_Archive3DModels.archive_3d_models 59:Trying to copy: ${KICAD8_3DMODEL_DIR}/Resistor_SMD.3dshapes/R_0603_1608Metric.wrl
09-20 09:08:47 com_github_MitjaNemec_Archive3DModels.archive_3d_models 139:Remapping: ${KICAD8_3DMODEL_DIR}/Resistor_SMD.3dshapes/R_0603_1608Metric.wrl
09-20 09:08:47 com_github_MitjaNemec_Archive3DModels.archive_3d_models 47:Getting 3D models for footprint of: X1
09-20 09:08:47 com_github_MitjaNemec_Archive3DModels.archive_3d_models 59:Trying to copy: ${KICAD6_3DMODEL_DIR}/Crystal.3dshapes/Crystal_SMD_SeikoEpson_TSX3225-4Pin_3.2x2.5mm.wrl
09-20 09:08:47 com_github_MitjaNemec_Archive3DModels.archive_3d_models 74:Can not find model defined with enviroment variable:
${KICAD6_3DMODEL_DIR}/Crystal.3dshapes/Crystal_SMD_SeikoEpson_TSX3225-4Pin_3.2x2.5mm.wrl
09-20 09:08:47 com_github_MitjaNemec_Archive3DModels.archive_3d_models 135:Did not copy: ${KICAD6_3DMODEL_DIR}/Crystal.3dshapes/Crystal_SMD_SeikoEpson_TSX3225-4Pin_3.2x2.5mm.wrl
09-20 09:08:47 com_github_MitjaNemec_Archive3DModels.archive_3d_models 139:Remapping: ${KICAD6_3DMODEL_DIR}/Crystal.3dshapes/Crystal_SMD_SeikoEpson_TSX3225-4Pin_3.2x2.5mm.wrl
09-20 09:08:47 com_github_MitjaNemec_Archive3DModels.archive_3d_models 59:Trying to copy: ${KICAD6_3DMODEL_DIR}/Oscillator.3dshapes/Oscillator_SMD_SeikoEpson_SG8002CE-4Pin_3.2x2.5mm.wrl
09-20 09:08:47 com_github_MitjaNemec_Archive3DModels.archive_3d_models 74:Can not find model defined with enviroment variable:
${KICAD6_3DMODEL_DIR}/Oscillator.3dshapes/Oscillator_SMD_SeikoEpson_SG8002CE-4Pin_3.2x2.5mm.wrl
09-20 09:08:47 com_github_MitjaNemec_Archive3DModels.archive_3d_models 135:Did not copy: ${KICAD6_3DMODEL_DIR}/Oscillator.3dshapes/Oscillator_SMD_SeikoEpson_SG8002CE-4Pin_3.2x2.5mm.wrl
09-20 09:08:47 com_github_MitjaNemec_Archive3DModels.archive_3d_models 139:Remapping: ${KICAD6_3DMODEL_DIR}/Oscillator.3dshapes/Oscillator_SMD_SeikoEpson_SG8002CE-4Pin_3.2x2.5mm.wrl
09-20 09:08:47 com_github_MitjaNemec_Archive3DModels.archive_3d_models 47:Getting 3D models for footprint of: U6
09-20 09:08:47 com_github_MitjaNemec_Archive3DModels.archive_3d_models 59:Trying to copy: ${KICAD8_3DMODEL_DIR}/Package_SO.3dshapes/TSSOP-20_4.4x6.5mm_P0.65mm.wrl
09-20 09:08:47 com_github_MitjaNemec_Archive3DModels.archive_3d_models 139:Remapping: ${KICAD8_3DMODEL_DIR}/Package_SO.3dshapes/TSSOP-20_4.4x6.5mm_P0.65mm.wrl
09-20 09:08:47 com_github_MitjaNemec_Archive3DModels.archive_3d_models 47:Getting 3D models for footprint of: R3
09-20 09:08:47 com_github_MitjaNemec_Archive3DModels.archive_3d_models 59:Trying to copy: ${KICAD8_3DMODEL_DIR}/Resistor_SMD.3dshapes/R_0603_1608Metric.wrl
09-20 09:08:47 com_github_MitjaNemec_Archive3DModels.archive_3d_models 139:Remapping: ${KICAD8_3DMODEL_DIR}/Resistor_SMD.3dshapes/R_0603_1608Metric.wrl
09-20 09:08:47 com_github_MitjaNemec_Archive3DModels.archive_3d_models 47:Getting 3D models for footprint of: TP3
09-20 09:08:47 com_github_MitjaNemec_Archive3DModels.archive_3d_models 47:Getting 3D models for footprint of: C22
09-20 09:08:47 com_github_MitjaNemec_Archive3DModels.archive_3d_models 59:Trying to copy: ${KICAD8_3DMODEL_DIR}/Capacitor_SMD.3dshapes/C_0603_1608Metric.wrl
09-20 09:08:47 com_github_MitjaNemec_Archive3DModels.archive_3d_models 139:Remapping: ${KICAD8_3DMODEL_DIR}/Capacitor_SMD.3dshapes/C_0603_1608Metric.wrl
09-20 09:08:47 com_github_MitjaNemec_Archive3DModels.archive_3d_models 47:Getting 3D models for footprint of: D1
09-20 09:08:47 com_github_MitjaNemec_Archive3DModels.archive_3d_models 59:Trying to copy: ${KICAD8_3DMODEL_DIR}/LED_SMD.3dshapes/LED_0603_1608Metric.wrl
09-20 09:08:47 com_github_MitjaNemec_Archive3DModels.archive_3d_models 139:Remapping: ${KICAD8_3DMODEL_DIR}/LED_SMD.3dshapes/LED_0603_1608Metric.wrl
09-20 09:08:47 com_github_MitjaNemec_Archive3DModels.archive_3d_models 47:Getting 3D models for footprint of: C9
09-20 09:08:47 com_github_MitjaNemec_Archive3DModels.archive_3d_models 59:Trying to copy: ${KICAD8_3DMODEL_DIR}/Capacitor_SMD.3dshapes/C_0603_1608Metric.wrl
09-20 09:08:47 com_github_MitjaNemec_Archive3DModels.archive_3d_models 139:Remapping: ${KICAD8_3DMODEL_DIR}/Capacitor_SMD.3dshapes/C_0603_1608Metric.wrl
09-20 09:08:47 com_github_MitjaNemec_Archive3DModels.archive_3d_models 47:Getting 3D models for footprint of: R12
09-20 09:08:47 com_github_MitjaNemec_Archive3DModels.archive_3d_models 59:Trying to copy: ${KICAD8_3DMODEL_DIR}/Resistor_SMD.3dshapes/R_0603_1608Metric.wrl
09-20 09:08:47 com_github_MitjaNemec_Archive3DModels.archive_3d_models 139:Remapping: ${KICAD8_3DMODEL_DIR}/Resistor_SMD.3dshapes/R_0603_1608Metric.wrl
09-20 09:08:47 com_github_MitjaNemec_Archive3DModels.archive_3d_models 47:Getting 3D models for footprint of: C25
09-20 09:08:47 com_github_MitjaNemec_Archive3DModels.archive_3d_models 59:Trying to copy: ${KICAD8_3DMODEL_DIR}/Capacitor_SMD.3dshapes/C_0603_1608Metric.wrl
09-20 09:08:47 com_github_MitjaNemec_Archive3DModels.archive_3d_models 139:Remapping: ${KICAD8_3DMODEL_DIR}/Capacitor_SMD.3dshapes/C_0603_1608Metric.wrl
09-20 09:08:47 com_github_MitjaNemec_Archive3DModels.archive_3d_models 47:Getting 3D models for footprint of: C38
09-20 09:08:47 com_github_MitjaNemec_Archive3DModels.archive_3d_models 59:Trying to copy: ${KICAD8_3DMODEL_DIR}/Capacitor_SMD.3dshapes/C_0603_1608Metric.wrl
09-20 09:08:47 com_github_MitjaNemec_Archive3DModels.archive_3d_models 139:Remapping: ${KICAD8_3DMODEL_DIR}/Capacitor_SMD.3dshapes/C_0603_1608Metric.wrl
09-20 09:08:47 com_github_MitjaNemec_Archive3DModels.archive_3d_models 47:Getting 3D models for footprint of: C35
09-20 09:08:47 com_github_MitjaNemec_Archive3DModels.archive_3d_models 59:Trying to copy: ${KICAD8_3DMODEL_DIR}/Capacitor_SMD.3dshapes/C_0603_1608Metric.wrl
09-20 09:08:47 com_github_MitjaNemec_Archive3DModels.archive_3d_models 139:Remapping: ${KICAD8_3DMODEL_DIR}/Capacitor_SMD.3dshapes/C_0603_1608Metric.wrl
09-20 09:08:47 com_github_MitjaNemec_Archive3DModels.archive_3d_models 47:Getting 3D models for footprint of: C29
09-20 09:08:47 com_github_MitjaNemec_Archive3DModels.archive_3d_models 59:Trying to copy: ${KICAD8_3DMODEL_DIR}/Capacitor_SMD.3dshapes/C_0603_1608Metric.wrl
09-20 09:08:47 com_github_MitjaNemec_Archive3DModels.archive_3d_models 139:Remapping: ${KICAD8_3DMODEL_DIR}/Capacitor_SMD.3dshapes/C_0603_1608Metric.wrl
09-20 09:08:47 com_github_MitjaNemec_Archive3DModels.archive_3d_models 47:Getting 3D models for footprint of: C11
09-20 09:08:47 com_github_MitjaNemec_Archive3DModels.archive_3d_models 59:Trying to copy: ${KICAD8_3DMODEL_DIR}/Capacitor_SMD.3dshapes/C_0603_1608Metric.wrl
09-20 09:08:47 com_github_MitjaNemec_Archive3DModels.archive_3d_models 139:Remapping: ${KICAD8_3DMODEL_DIR}/Capacitor_SMD.3dshapes/C_0603_1608Metric.wrl
09-20 09:08:47 com_github_MitjaNemec_Archive3DModels.archive_3d_models 47:Getting 3D models for footprint of: R19
09-20 09:08:47 com_github_MitjaNemec_Archive3DModels.archive_3d_models 59:Trying to copy: ${KICAD8_3DMODEL_DIR}/Resistor_SMD.3dshapes/R_0603_1608Metric.wrl
09-20 09:08:47 com_github_MitjaNemec_Archive3DModels.archive_3d_models 139:Remapping: ${KICAD8_3DMODEL_DIR}/Resistor_SMD.3dshapes/R_0603_1608Metric.wrl
09-20 09:08:47 com_github_MitjaNemec_Archive3DModels.archive_3d_models 47:Getting 3D models for footprint of: R17
09-20 09:08:47 com_github_MitjaNemec_Archive3DModels.archive_3d_models 59:Trying to copy: ${KICAD8_3DMODEL_DIR}/Resistor_SMD.3dshapes/R_0603_1608Metric.wrl
09-20 09:08:47 com_github_MitjaNemec_Archive3DModels.archive_3d_models 139:Remapping: ${KICAD8_3DMODEL_DIR}/Resistor_SMD.3dshapes/R_0603_1608Metric.wrl
09-20 09:08:47 com_github_MitjaNemec_Archive3DModels.archive_3d_models 47:Getting 3D models for footprint of: C31
09-20 09:08:47 com_github_MitjaNemec_Archive3DModels.archive_3d_models 59:Trying to copy: ${KICAD8_3DMODEL_DIR}/Capacitor_SMD.3dshapes/C_0603_1608Metric.wrl
09-20 09:08:47 com_github_MitjaNemec_Archive3DModels.archive_3d_models 139:Remapping: ${KICAD8_3DMODEL_DIR}/Capacitor_SMD.3dshapes/C_0603_1608Metric.wrl
09-20 09:08:47 com_github_MitjaNemec_Archive3DModels.archive_3d_models 47:Getting 3D models for footprint of: C26
09-20 09:08:47 com_github_MitjaNemec_Archive3DModels.archive_3d_models 59:Trying to copy: ${KICAD8_3DMODEL_DIR}/Capacitor_SMD.3dshapes/C_0603_1608Metric.wrl
09-20 09:08:47 com_github_MitjaNemec_Archive3DModels.archive_3d_models 139:Remapping: ${KICAD8_3DMODEL_DIR}/Capacitor_SMD.3dshapes/C_0603_1608Metric.wrl
09-20 09:08:47 com_github_MitjaNemec_Archive3DModels.archive_3d_models 47:Getting 3D models for footprint of: C43
09-20 09:08:47 com_github_MitjaNemec_Archive3DModels.archive_3d_models 59:Trying to copy: ${KICAD8_3DMODEL_DIR}/Capacitor_SMD.3dshapes/C_0603_1608Metric.wrl
09-20 09:08:47 com_github_MitjaNemec_Archive3DModels.archive_3d_models 139:Remapping: ${KICAD8_3DMODEL_DIR}/Capacitor_SMD.3dshapes/C_0603_1608Metric.wrl
09-20 09:08:47 com_github_MitjaNemec_Archive3DModels.archive_3d_models 47:Getting 3D models for footprint of: C42
09-20 09:08:47 com_github_MitjaNemec_Archive3DModels.archive_3d_models 59:Trying to copy: ${KICAD8_3DMODEL_DIR}/Capacitor_SMD.3dshapes/C_0603_1608Metric.wrl
09-20 09:08:47 com_github_MitjaNemec_Archive3DModels.archive_3d_models 139:Remapping: ${KICAD8_3DMODEL_DIR}/Capacitor_SMD.3dshapes/C_0603_1608Metric.wrl
09-20 09:08:47 com_github_MitjaNemec_Archive3DModels.archive_3d_models 47:Getting 3D models for footprint of: C45
09-20 09:08:47 com_github_MitjaNemec_Archive3DModels.archive_3d_models 59:Trying to copy: ${KICAD8_3DMODEL_DIR}/Capacitor_SMD.3dshapes/C_0603_1608Metric.wrl
09-20 09:08:47 com_github_MitjaNemec_Archive3DModels.archive_3d_models 139:Remapping: ${KICAD8_3DMODEL_DIR}/Capacitor_SMD.3dshapes/C_0603_1608Metric.wrl
09-20 09:08:47 com_github_MitjaNemec_Archive3DModels.archive_3d_models 47:Getting 3D models for footprint of: C23
09-20 09:08:47 com_github_MitjaNemec_Archive3DModels.archive_3d_models 59:Trying to copy: ${KICAD8_3DMODEL_DIR}/Capacitor_SMD.3dshapes/C_0603_1608Metric.wrl
09-20 09:08:47 com_github_MitjaNemec_Archive3DModels.archive_3d_models 139:Remapping: ${KICAD8_3DMODEL_DIR}/Capacitor_SMD.3dshapes/C_0603_1608Metric.wrl
09-20 09:08:47 com_github_MitjaNemec_Archive3DModels.archive_3d_models 47:Getting 3D models for footprint of: C13
09-20 09:08:47 com_github_MitjaNemec_Archive3DModels.archive_3d_models 59:Trying to copy: ${KICAD8_3DMODEL_DIR}/Capacitor_SMD.3dshapes/C_0603_1608Metric.wrl
09-20 09:08:47 com_github_MitjaNemec_Archive3DModels.archive_3d_models 139:Remapping: ${KICAD8_3DMODEL_DIR}/Capacitor_SMD.3dshapes/C_0603_1608Metric.wrl
09-20 09:08:47 com_github_MitjaNemec_Archive3DModels.archive_3d_models 47:Getting 3D models for footprint of: C40
09-20 09:08:47 com_github_MitjaNemec_Archive3DModels.archive_3d_models 59:Trying to copy: ${KICAD8_3DMODEL_DIR}/Capacitor_SMD.3dshapes/C_0603_1608Metric.wrl
09-20 09:08:47 com_github_MitjaNemec_Archive3DModels.archive_3d_models 139:Remapping: ${KICAD8_3DMODEL_DIR}/Capacitor_SMD.3dshapes/C_0603_1608Metric.wrl
09-20 09:08:47 com_github_MitjaNemec_Archive3DModels.archive_3d_models 47:Getting 3D models for footprint of: R13
09-20 09:08:47 com_github_MitjaNemec_Archive3DModels.archive_3d_models 59:Trying to copy: ${KICAD8_3DMODEL_DIR}/Resistor_SMD.3dshapes/R_0603_1608Metric.wrl
09-20 09:08:47 com_github_MitjaNemec_Archive3DModels.archive_3d_models 139:Remapping: ${KICAD8_3DMODEL_DIR}/Resistor_SMD.3dshapes/R_0603_1608Metric.wrl
09-20 09:08:47 com_github_MitjaNemec_Archive3DModels.archive_3d_models 47:Getting 3D models for footprint of: R15
09-20 09:08:47 com_github_MitjaNemec_Archive3DModels.archive_3d_models 59:Trying to copy: ${KICAD8_3DMODEL_DIR}/Resistor_SMD.3dshapes/R_0603_1608Metric.wrl
09-20 09:08:47 com_github_MitjaNemec_Archive3DModels.archive_3d_models 139:Remapping: ${KICAD8_3DMODEL_DIR}/Resistor_SMD.3dshapes/R_0603_1608Metric.wrl
09-20 09:08:47 com_github_MitjaNemec_Archive3DModels.archive_3d_models 47:Getting 3D models for footprint of: C39
09-20 09:08:47 com_github_MitjaNemec_Archive3DModels.archive_3d_models 59:Trying to copy: ${KICAD8_3DMODEL_DIR}/Capacitor_SMD.3dshapes/C_0603_1608Metric.wrl
09-20 09:08:47 com_github_MitjaNemec_Archive3DModels.archive_3d_models 139:Remapping: ${KICAD8_3DMODEL_DIR}/Capacitor_SMD.3dshapes/C_0603_1608Metric.wrl
09-20 09:08:47 com_github_MitjaNemec_Archive3DModels.archive_3d_models 47:Getting 3D models for footprint of: C14
09-20 09:08:47 com_github_MitjaNemec_Archive3DModels.archive_3d_models 59:Trying to copy: ${KICAD8_3DMODEL_DIR}/Capacitor_SMD.3dshapes/C_0603_1608Metric.wrl
09-20 09:08:47 com_github_MitjaNemec_Archive3DModels.archive_3d_models 139:Remapping: ${KICAD8_3DMODEL_DIR}/Capacitor_SMD.3dshapes/C_0603_1608Metric.wrl
09-20 09:08:47 com_github_MitjaNemec_Archive3DModels.archive_3d_models 47:Getting 3D models for footprint of: BT1
09-20 09:08:47 com_github_MitjaNemec_Archive3DModels.archive_3d_models 59:Trying to copy: ${KICAD8_3DMODEL_DIR}/Battery.3dshapes/BatteryHolder_Keystone_1058_1x2032.wrl
09-20 09:08:47 com_github_MitjaNemec_Archive3DModels.archive_3d_models 139:Remapping: ${KICAD8_3DMODEL_DIR}/Battery.3dshapes/BatteryHolder_Keystone_1058_1x2032.wrl
09-20 09:08:47 com_github_MitjaNemec_Archive3DModels.archive_3d_models 47:Getting 3D models for footprint of: C12
09-20 09:08:47 com_github_MitjaNemec_Archive3DModels.archive_3d_models 59:Trying to copy: ${KICAD8_3DMODEL_DIR}/Capacitor_SMD.3dshapes/C_0603_1608Metric.wrl
09-20 09:08:47 com_github_MitjaNemec_Archive3DModels.archive_3d_models 139:Remapping: ${KICAD8_3DMODEL_DIR}/Capacitor_SMD.3dshapes/C_0603_1608Metric.wrl
09-20 09:08:47 com_github_MitjaNemec_Archive3DModels.archive_3d_models 47:Getting 3D models for footprint of: C30
09-20 09:08:47 com_github_MitjaNemec_Archive3DModels.archive_3d_models 59:Trying to copy: ${KICAD8_3DMODEL_DIR}/Capacitor_SMD.3dshapes/C_0603_1608Metric.wrl
09-20 09:08:47 com_github_MitjaNemec_Archive3DModels.archive_3d_models 139:Remapping: ${KICAD8_3DMODEL_DIR}/Capacitor_SMD.3dshapes/C_0603_1608Metric.wrl
09-20 09:08:47 com_github_MitjaNemec_Archive3DModels.archive_3d_models 47:Getting 3D models for footprint of: C20
09-20 09:08:47 com_github_MitjaNemec_Archive3DModels.archive_3d_models 59:Trying to copy: ${KICAD8_3DMODEL_DIR}/Capacitor_SMD.3dshapes/C_0603_1608Metric.wrl
09-20 09:08:47 com_github_MitjaNemec_Archive3DModels.archive_3d_models 139:Remapping: ${KICAD8_3DMODEL_DIR}/Capacitor_SMD.3dshapes/C_0603_1608Metric.wrl
09-20 09:08:47 com_github_MitjaNemec_Archive3DModels.archive_3d_models 47:Getting 3D models for footprint of: L2
09-20 09:08:47 com_github_MitjaNemec_Archive3DModels.archive_3d_models 59:Trying to copy: ${KICAD8_3DMODEL_DIR}/Inductor_SMD.3dshapes/L_0603_1608Metric.wrl
09-20 09:08:47 com_github_MitjaNemec_Archive3DModels.archive_3d_models 139:Remapping: ${KICAD8_3DMODEL_DIR}/Inductor_SMD.3dshapes/L_0603_1608Metric.wrl
09-20 09:08:47 com_github_MitjaNemec_Archive3DModels.archive_3d_models 47:Getting 3D models for footprint of: C41
09-20 09:08:47 com_github_MitjaNemec_Archive3DModels.archive_3d_models 59:Trying to copy: ${KICAD8_3DMODEL_DIR}/Capacitor_SMD.3dshapes/C_0603_1608Metric.wrl
09-20 09:08:47 com_github_MitjaNemec_Archive3DModels.archive_3d_models 139:Remapping: ${KICAD8_3DMODEL_DIR}/Capacitor_SMD.3dshapes/C_0603_1608Metric.wrl
09-20 09:08:47 com_github_MitjaNemec_Archive3DModels.archive_3d_models 47:Getting 3D models for footprint of: C8
09-20 09:08:47 com_github_MitjaNemec_Archive3DModels.archive_3d_models 59:Trying to copy: ${KICAD8_3DMODEL_DIR}/Capacitor_SMD.3dshapes/C_0603_1608Metric.wrl
09-20 09:08:47 com_github_MitjaNemec_Archive3DModels.archive_3d_models 139:Remapping: ${KICAD8_3DMODEL_DIR}/Capacitor_SMD.3dshapes/C_0603_1608Metric.wrl
09-20 09:08:47 com_github_MitjaNemec_Archive3DModels.archive_3d_models 47:Getting 3D models for footprint of: C27
09-20 09:08:47 com_github_MitjaNemec_Archive3DModels.archive_3d_models 59:Trying to copy: ${KICAD8_3DMODEL_DIR}/Capacitor_SMD.3dshapes/C_0603_1608Metric.wrl
09-20 09:08:47 com_github_MitjaNemec_Archive3DModels.archive_3d_models 139:Remapping: ${KICAD8_3DMODEL_DIR}/Capacitor_SMD.3dshapes/C_0603_1608Metric.wrl
09-20 09:08:47 com_github_MitjaNemec_Archive3DModels.archive_3d_models 47:Getting 3D models for footprint of: C32
09-20 09:08:47 com_github_MitjaNemec_Archive3DModels.archive_3d_models 59:Trying to copy: ${KICAD8_3DMODEL_DIR}/Capacitor_SMD.3dshapes/C_0603_1608Metric.wrl
09-20 09:08:47 com_github_MitjaNemec_Archive3DModels.archive_3d_models 139:Remapping: ${KICAD8_3DMODEL_DIR}/Capacitor_SMD.3dshapes/C_0603_1608Metric.wrl
09-20 09:08:47 com_github_MitjaNemec_Archive3DModels.archive_3d_models 47:Getting 3D models for footprint of: R14
09-20 09:08:47 com_github_MitjaNemec_Archive3DModels.archive_3d_models 59:Trying to copy: ${KICAD8_3DMODEL_DIR}/Resistor_SMD.3dshapes/R_0603_1608Metric.wrl
09-20 09:08:47 com_github_MitjaNemec_Archive3DModels.archive_3d_models 139:Remapping: ${KICAD8_3DMODEL_DIR}/Resistor_SMD.3dshapes/R_0603_1608Metric.wrl
09-20 09:08:47 com_github_MitjaNemec_Archive3DModels.archive_3d_models 47:Getting 3D models for footprint of: C33
09-20 09:08:47 com_github_MitjaNemec_Archive3DModels.archive_3d_models 59:Trying to copy: ${KICAD8_3DMODEL_DIR}/Capacitor_SMD.3dshapes/C_0603_1608Metric.wrl
09-20 09:08:47 com_github_MitjaNemec_Archive3DModels.archive_3d_models 139:Remapping: ${KICAD8_3DMODEL_DIR}/Capacitor_SMD.3dshapes/C_0603_1608Metric.wrl
09-20 09:08:47 com_github_MitjaNemec_Archive3DModels.archive_3d_models 47:Getting 3D models for footprint of: C46
09-20 09:08:47 com_github_MitjaNemec_Archive3DModels.archive_3d_models 59:Trying to copy: ${KICAD8_3DMODEL_DIR}/Capacitor_SMD.3dshapes/C_0603_1608Metric.wrl
09-20 09:08:47 com_github_MitjaNemec_Archive3DModels.archive_3d_models 139:Remapping: ${KICAD8_3DMODEL_DIR}/Capacitor_SMD.3dshapes/C_0603_1608Metric.wrl
09-20 09:08:47 com_github_MitjaNemec_Archive3DModels.archive_3d_models 47:Getting 3D models for footprint of: C7
09-20 09:08:47 com_github_MitjaNemec_Archive3DModels.archive_3d_models 59:Trying to copy: ${KICAD8_3DMODEL_DIR}/Capacitor_SMD.3dshapes/C_0603_1608Metric.wrl
09-20 09:08:47 com_github_MitjaNemec_Archive3DModels.archive_3d_models 139:Remapping: ${KICAD8_3DMODEL_DIR}/Capacitor_SMD.3dshapes/C_0603_1608Metric.wrl
09-20 09:08:47 com_github_MitjaNemec_Archive3DModels.archive_3d_models 47:Getting 3D models for footprint of: C36
09-20 09:08:47 com_github_MitjaNemec_Archive3DModels.archive_3d_models 59:Trying to copy: ${KICAD8_3DMODEL_DIR}/Capacitor_SMD.3dshapes/C_0603_1608Metric.wrl
09-20 09:08:47 com_github_MitjaNemec_Archive3DModels.archive_3d_models 139:Remapping: ${KICAD8_3DMODEL_DIR}/Capacitor_SMD.3dshapes/C_0603_1608Metric.wrl
09-20 09:08:47 com_github_MitjaNemec_Archive3DModels.archive_3d_models 47:Getting 3D models for footprint of: C24
09-20 09:08:47 com_github_MitjaNemec_Archive3DModels.archive_3d_models 59:Trying to copy: ${KICAD8_3DMODEL_DIR}/Capacitor_SMD.3dshapes/C_0603_1608Metric.wrl
09-20 09:08:47 com_github_MitjaNemec_Archive3DModels.archive_3d_models 139:Remapping: ${KICAD8_3DMODEL_DIR}/Capacitor_SMD.3dshapes/C_0603_1608Metric.wrl
09-20 09:08:47 com_github_MitjaNemec_Archive3DModels.archive_3d_models 47:Getting 3D models for footprint of: R16
09-20 09:08:47 com_github_MitjaNemec_Archive3DModels.archive_3d_models 59:Trying to copy: ${KICAD8_3DMODEL_DIR}/Resistor_SMD.3dshapes/R_0603_1608Metric.wrl
09-20 09:08:47 com_github_MitjaNemec_Archive3DModels.archive_3d_models 139:Remapping: ${KICAD8_3DMODEL_DIR}/Resistor_SMD.3dshapes/R_0603_1608Metric.wrl
09-20 09:08:47 com_github_MitjaNemec_Archive3DModels.archive_3d_models 47:Getting 3D models for footprint of: C47
09-20 09:08:47 com_github_MitjaNemec_Archive3DModels.archive_3d_models 59:Trying to copy: ${KICAD8_3DMODEL_DIR}/Capacitor_SMD.3dshapes/C_0603_1608Metric.wrl
09-20 09:08:47 com_github_MitjaNemec_Archive3DModels.archive_3d_models 139:Remapping: ${KICAD8_3DMODEL_DIR}/Capacitor_SMD.3dshapes/C_0603_1608Metric.wrl
09-20 09:08:47 com_github_MitjaNemec_Archive3DModels.archive_3d_models 47:Getting 3D models for footprint of: C18
09-20 09:08:47 com_github_MitjaNemec_Archive3DModels.archive_3d_models 59:Trying to copy: ${KICAD8_3DMODEL_DIR}/Capacitor_SMD.3dshapes/C_0603_1608Metric.wrl
09-20 09:08:47 com_github_MitjaNemec_Archive3DModels.archive_3d_models 139:Remapping: ${KICAD8_3DMODEL_DIR}/Capacitor_SMD.3dshapes/C_0603_1608Metric.wrl
09-20 09:08:47 com_github_MitjaNemec_Archive3DModels.archive_3d_models 47:Getting 3D models for footprint of: C48
09-20 09:08:47 com_github_MitjaNemec_Archive3DModels.archive_3d_models 59:Trying to copy: ${KICAD8_3DMODEL_DIR}/Capacitor_SMD.3dshapes/C_0805_2012Metric.wrl
09-20 09:08:47 com_github_MitjaNemec_Archive3DModels.archive_3d_models 139:Remapping: ${KICAD8_3DMODEL_DIR}/Capacitor_SMD.3dshapes/C_0805_2012Metric.wrl
09-20 09:08:47 com_github_MitjaNemec_Archive3DModels.archive_3d_models 47:Getting 3D models for footprint of: C17
09-20 09:08:47 com_github_MitjaNemec_Archive3DModels.archive_3d_models 59:Trying to copy: ${KICAD8_3DMODEL_DIR}/Capacitor_SMD.3dshapes/C_0603_1608Metric.wrl
09-20 09:08:47 com_github_MitjaNemec_Archive3DModels.archive_3d_models 139:Remapping: ${KICAD8_3DMODEL_DIR}/Capacitor_SMD.3dshapes/C_0603_1608Metric.wrl
09-20 09:08:47 com_github_MitjaNemec_Archive3DModels.archive_3d_models 47:Getting 3D models for footprint of: C37
09-20 09:08:47 com_github_MitjaNemec_Archive3DModels.archive_3d_models 59:Trying to copy: ${KICAD8_3DMODEL_DIR}/Capacitor_SMD.3dshapes/C_0603_1608Metric.wrl
09-20 09:08:47 com_github_MitjaNemec_Archive3DModels.archive_3d_models 139:Remapping: ${KICAD8_3DMODEL_DIR}/Capacitor_SMD.3dshapes/C_0603_1608Metric.wrl
09-20 09:08:47 com_github_MitjaNemec_Archive3DModels.archive_3d_models 47:Getting 3D models for footprint of: L1
09-20 09:08:47 com_github_MitjaNemec_Archive3DModels.archive_3d_models 59:Trying to copy: ${KICAD8_3DMODEL_DIR}/Inductor_SMD.3dshapes/L_0603_1608Metric.wrl
09-20 09:08:47 com_github_MitjaNemec_Archive3DModels.archive_3d_models 139:Remapping: ${KICAD8_3DMODEL_DIR}/Inductor_SMD.3dshapes/L_0603_1608Metric.wrl
09-20 09:08:47 com_github_MitjaNemec_Archive3DModels.archive_3d_models 47:Getting 3D models for footprint of: C10
09-20 09:08:47 com_github_MitjaNemec_Archive3DModels.archive_3d_models 59:Trying to copy: ${KICAD8_3DMODEL_DIR}/Capacitor_SMD.3dshapes/C_0603_1608Metric.wrl
09-20 09:08:47 com_github_MitjaNemec_Archive3DModels.archive_3d_models 139:Remapping: ${KICAD8_3DMODEL_DIR}/Capacitor_SMD.3dshapes/C_0603_1608Metric.wrl
09-20 09:08:47 com_github_MitjaNemec_Archive3DModels.archive_3d_models 47:Getting 3D models for footprint of: C34
09-20 09:08:47 com_github_MitjaNemec_Archive3DModels.archive_3d_models 59:Trying to copy: ${KICAD8_3DMODEL_DIR}/Capacitor_SMD.3dshapes/C_0603_1608Metric.wrl
09-20 09:08:47 com_github_MitjaNemec_Archive3DModels.archive_3d_models 139:Remapping: ${KICAD8_3DMODEL_DIR}/Capacitor_SMD.3dshapes/C_0603_1608Metric.wrl
09-20 09:08:47 com_github_MitjaNemec_Archive3DModels.archive_3d_models 47:Getting 3D models for footprint of: C28
09-20 09:08:47 com_github_MitjaNemec_Archive3DModels.archive_3d_models 59:Trying to copy: ${KICAD8_3DMODEL_DIR}/Capacitor_SMD.3dshapes/C_0603_1608Metric.wrl
09-20 09:08:47 com_github_MitjaNemec_Archive3DModels.archive_3d_models 139:Remapping: ${KICAD8_3DMODEL_DIR}/Capacitor_SMD.3dshapes/C_0603_1608Metric.wrl
09-20 09:08:47 com_github_MitjaNemec_Archive3DModels.archive_3d_models 47:Getting 3D models for footprint of: C44
09-20 09:08:47 com_github_MitjaNemec_Archive3DModels.archive_3d_models 59:Trying to copy: ${KICAD8_3DMODEL_DIR}/Capacitor_SMD.3dshapes/C_0603_1608Metric.wrl
09-20 09:08:47 com_github_MitjaNemec_Archive3DModels.archive_3d_models 139:Remapping: ${KICAD8_3DMODEL_DIR}/Capacitor_SMD.3dshapes/C_0603_1608Metric.wrl
09-20 09:08:47 com_github_MitjaNemec_Archive3DModels.archive_3d_models 47:Getting 3D models for footprint of: C19
09-20 09:08:47 com_github_MitjaNemec_Archive3DModels.archive_3d_models 59:Trying to copy: ${KICAD8_3DMODEL_DIR}/Capacitor_SMD.3dshapes/C_0603_1608Metric.wrl
09-20 09:08:47 com_github_MitjaNemec_Archive3DModels.archive_3d_models 139:Remapping: ${KICAD8_3DMODEL_DIR}/Capacitor_SMD.3dshapes/C_0603_1608Metric.wrl
09-20 09:08:47 com_github_MitjaNemec_Archive3DModels.archive_3d_models 47:Getting 3D models for footprint of: R18
09-20 09:08:47 com_github_MitjaNemec_Archive3DModels.archive_3d_models 59:Trying to copy: ${KICAD8_3DMODEL_DIR}/Resistor_SMD.3dshapes/R_0603_1608Metric.wrl
09-20 09:08:47 com_github_MitjaNemec_Archive3DModels.archive_3d_models 139:Remapping: ${KICAD8_3DMODEL_DIR}/Resistor_SMD.3dshapes/R_0603_1608Metric.wrl
09-20 09:08:47 com_github_MitjaNemec_Archive3DModels.archive_3d_models 47:Getting 3D models for footprint of: C15
09-20 09:08:47 com_github_MitjaNemec_Archive3DModels.archive_3d_models 59:Trying to copy: ${KICAD8_3DMODEL_DIR}/Capacitor_SMD.3dshapes/C_0603_1608Metric.wrl
09-20 09:08:47 com_github_MitjaNemec_Archive3DModels.archive_3d_models 139:Remapping: ${KICAD8_3DMODEL_DIR}/Capacitor_SMD.3dshapes/C_0603_1608Metric.wrl
09-20 09:08:47 com_github_MitjaNemec_Archive3DModels.archive_3d_models 153:Did not succeed to copy 3D models!
('SW1', '${KICAD6_3DMODEL_DIR}\\Button_Switch_SMD.3dshapes\\SW_SPST_Omron_B3FS-105xP.wrl')
('U5', '${KICAD8_3DMODEL_DIR}\\Package_SO.3dshapes\\SOIC-8_5.23x5.23mm_P1.27mm.wrl')
('J4', '${KIPRJMOD}\\packages3D\\TF-01A.step')
('J2', '${KICAD6_3DMODEL_DIR}\\Connector_PinHeader_2.54mm.3dshapes\\PinHeader_1x03_P2.54mm_Vertical.wrl')
('Y1', '${KICAD6_3DMODEL_DIR}\\Crystal.3dshapes\\Crystal_SMD_MicroCrystal_CC7V-T1A-2Pin_3.2x1.5mm.wrl')
('Y1', '${KICAD6_3DMODEL_DIR}\\Crystal.3dshapes\\Crystal_SMD_3215-2Pin_3.2x1.5mm.wrl')
('X2', '${KICAD6_3DMODEL_DIR}\\Crystal.3dshapes\\Crystal_SMD_SeikoEpson_TSX3225-4Pin_3.2x2.5mm.wrl')
('X2', '${KICAD6_3DMODEL_DIR}\\Oscillator.3dshapes\\Oscillator_SMD_SeikoEpson_SG8002CE-4Pin_3.2x2.5mm.wrl')
('X1', '${KICAD6_3DMODEL_DIR}\\Crystal.3dshapes\\Crystal_SMD_SeikoEpson_TSX3225-4Pin_3.2x2.5mm.wrl')
('X1', '${KICAD6_3DMODEL_DIR}\\Oscillator.3dshapes\\Oscillator_SMD_SeikoEpson_SG8002CE-4Pin_3.2x2.5mm.wrl')
